<?xml version="1.0" encoding="UTF-8"?>
<!-- Generated by org.testng.reporters.JUnitXMLReporter -->
<testsuite ignored="0" hostname="Vika" failures="0" tests="3" name="homework1less03Test" time="120.073" errors="0" timestamp="2024-09-11T11:31:26 AST">
  <testcase classname="com.neotech.lesson03.Homework1" name="addEmployee" time="37.9"/>
  <testcase classname="com.neotech.lesson03.Homework1" name="addEmployee" time="33.376"/>
  <testcase classname="com.neotech.lesson03.Homework1" name="addEmployee" time="33.69"/>
</testsuite> <!-- homework1less03Test -->
