<?xml version="1.0" encoding="UTF-8"?>
<!-- Generated by org.testng.reporters.JUnitXMLReporter -->
<testsuite ignored="7" hostname="Vika" failures="0" tests="2" name="smokeTest" time="0.051" errors="0" timestamp="2024-09-12T21:38:14 AST">
  <testcase classname="com.neotech.review01.DemoAnnotations" name="test1" time="0.01"/>
  <testcase classname="com.neotech.review01.GroupsDemo" name="smokeTest" time="0.001"/>
  <testcase classname="com.neotech.review01.DemoAnnotations" name="test2" time="0.0">
    <ignored/>
  </testcase> <!-- test2 -->
  <testcase classname="com.neotech.review01.SoftAndHardAssert" name="testSoftAssert" time="0.0">
    <ignored/>
  </testcase> <!-- testSoftAssert -->
  <testcase classname="com.neotech.review01.SoftAndHardAssert" name="testHardAsser" time="0.0">
    <ignored/>
  </testcase> <!-- testHardAsser -->
  <testcase classname="com.neotech.review01.TestParameters" name="testB" time="0.0">
    <ignored/>
  </testcase> <!-- testB -->
  <testcase classname="com.neotech.review01.TestParameters" name="testA" time="0.0">
    <ignored/>
  </testcase> <!-- testA -->
  <testcase classname="com.neotech.review01.DependsOnClass" name="firstTest" time="0.0">
    <ignored/>
  </testcase> <!-- firstTest -->
  <testcase classname="com.neotech.review01.DependsOnClass" name="secondTest" time="0.0">
    <ignored/>
  </testcase> <!-- secondTest -->
</testsuite> <!-- smokeTest -->
