<?xml version="1.0" encoding="UTF-8"?>
<!-- Generated by org.testng.reporters.JUnitXMLReporter -->
<testsuite ignored="0" hostname="Vika" failures="0" tests="7" name="IncludeExcludeTest" time="0.121" errors="0" timestamp="2024-09-08T09:37:13 AST">
  <testcase classname="com.neotech.lesson01.TestNGDemo" name="testOne" time="0.024"/>
  <testcase classname="com.neotech.lesson01.TestNGDemo" name="testTwo" time="0.003"/>
  <testcase classname="com.neotech.lesson01.TestNGAnnotations" name="test1" time="0.003"/>
  <testcase classname="com.neotech.lesson01.TestNGAnnotations" name="test2" time="0.002"/>
  <testcase classname="com.neotech.lesson01.TestNGAnnotations" name="test3" time="0.001"/>
  <testcase classname="com.neotech.lesson01.testNGMoreAnnotations" name="testOne" time="0.002"/>
  <testcase classname="com.neotech.lesson01.testNGMoreAnnotations" name="testTwo" time="0.001"/>
</testsuite> <!-- IncludeExcludeTest -->
