<?xml version="1.0" encoding="UTF-8"?>
<!-- Generated by org.testng.reporters.JUnitXMLReporter -->
<testsuite ignored="5" hostname="Vika" failures="1" tests="4" name="GroupsDemoTest" time="7.517" errors="0" timestamp="2024-09-08T18:24:00 AST">
  <testcase classname="com.neotech.lesson03.GroupsDemo" name="test1" time="0.018"/>
  <testcase classname="com.neotech.lesson03.GroupsDemo" name="test2" time="0.001"/>
  <testcase classname="com.neotech.lesson01.TestNGDemo" name="testOne" time="0.001"/>
  <testcase classname="com.neotech.lesson01.TitleAndLogoValidation" name="titleValidation" time="0.04">
    <failure type="java.lang.Exception">
      <![CDATA[java.lang.Exception
at com.neotech.lesson01.TitleAndLogoValidation.titleValidation(TitleAndLogoValidation.java:35)
at java.base/java.util.ArrayList.forEach(ArrayList.java:1597)
... Removed 25 stack frames]]>
    </failure>
  </testcase> <!-- titleValidation -->
  <testcase classname="com.neotech.lesson01.TitleAndLogoValidation" name="logoValidation" time="0.0">
    <ignored/>
  </testcase> <!-- logoValidation -->
  <testcase classname="com.neotech.lesson03.GroupsDemo" name="test3" time="0.0">
    <ignored/>
  </testcase> <!-- test3 -->
  <testcase classname="com.neotech.lesson01.TitleAndLogoValidation" name="loginValidation" time="0.0">
    <ignored/>
  </testcase> <!-- loginValidation -->
  <testcase classname="com.neotech.lesson03.GroupsDemo" name="test4" time="0.0">
    <ignored/>
  </testcase> <!-- test4 -->
  <testcase classname="com.neotech.lesson01.TestNGDemo" name="testTwo" time="0.0">
    <ignored/>
  </testcase> <!-- testTwo -->
</testsuite> <!-- GroupsDemoTest -->
