<?xml version="1.0" encoding="UTF-8"?>
<!-- Generated by org.testng.reporters.JUnitXMLReporter -->
<testsuite ignored="0" hostname="Vika" failures="0" tests="4" name="Default test" time="1.234" errors="0" timestamp="2024-09-13T08:57:20 AST">
  <testcase classname="com.neotech.review01.DataDrivenTest" name="loginTest" time="0.02"/>
  <testcase classname="com.neotech.review01.DataDrivenTest" name="loginTest" time="0.002"/>
  <testcase classname="com.neotech.review01.DataDrivenTest" name="loginTest" time="0.002"/>
  <testcase classname="com.neotech.review01.DataDrivenTest" name="loginTest" time="0.001"/>
</testsuite> <!-- Default test -->
