<?xml version="1.0" encoding="UTF-8"?>
<!-- Generated by org.testng.reporters.JUnitXMLReporter -->
<testsuite ignored="0" hostname="Vika" failures="1" tests="8" name="Smoke Test" time="0.122" errors="0" timestamp="2024-09-07T12:52:11 AST">
  <testcase classname="com.neotech.lesson02.PriporityDemo" name="thirdTest" time="0.022"/>
  <testcase classname="com.neotech.lesson02.PriporityDemo" name="firstTest" time="0.004"/>
  <testcase classname="com.neotech.lesson02.PriporityDemo" name="secondTest" time="0.002"/>
  <testcase classname="com.neotech.lesson02.PriporityDemo" name="fourthTest" time="0.002"/>
  <testcase classname="com.neotech.lesson02.EnableAndDisable" name="firstTest" time="0.001">
    <failure type="java.lang.Exception">
      <![CDATA[java.lang.Exception
at com.neotech.lesson02.EnableAndDisable.firstTest(EnableAndDisable.java:8)
at java.base/java.util.ArrayList.forEach(ArrayList.java:1597)
... Removed 25 stack frames]]>
    </failure>
  </testcase> <!-- firstTest -->
  <testcase classname="com.neotech.lesson02.EnableAndDisable" name="fourthTest" time="0.0">
    <skipped/>
  </testcase> <!-- fourthTest -->
  <testcase classname="com.neotech.lesson02.EnableAndDisable" name="secondTest" time="0.001"/>
  <testcase classname="com.neotech.lesson02.EnableAndDisable" name="thirdTest" time="0.0">
    <skipped/>
  </testcase> <!-- thirdTest -->
</testsuite> <!-- Smoke Test -->
