<?xml version="1.0" encoding="UTF-8"?>
<!-- Generated by org.testng.reporters.JUnitXMLReporter -->
<testsuite ignored="1" hostname="Vika" failures="0" tests="3" name="Test Review01" time="0.08" errors="0" timestamp="2024-09-12T00:34:39 AST">
  <testcase classname="com.neotech.review01.DemoAnnotations" name="test1" time="0.013"/>
  <testcase classname="com.neotech.review01.DemoAnnotations" name="test2" time="0.001"/>
  <testcase classname="com.neotech.review01.TestParameters" name="testA" time="0.002"/>
  <testcase classname="com.neotech.review01.TestParameters" name="testB" time="0.0">
    <ignored/>
  </testcase> <!-- testB -->
</testsuite> <!-- Test Review01 -->
