<?xml version="1.0" encoding="UTF-8"?>
<testng-results ignored="0" total="4" passed="4" failed="0" skipped="0">
  <reporter-output>
  </reporter-output>
  <suite started-at="2024-09-13T08:57:19 AST" name="Default suite" finished-at="2024-09-13T08:57:20 AST" duration-ms="1234">
    <groups>
    </groups>
    <test started-at="2024-09-13T08:57:19 AST" name="Default test" finished-at="2024-09-13T08:57:20 AST" duration-ms="1234">
      <class name="com.neotech.review01.DataDrivenTest">
        <test-method signature="loginTest(java.lang.String,java.lang.String,java.lang.String)[pri:0, instance:com.neotech.review01.DataDrivenTest@4562e04d]" started-at="2024-09-13T08:57:20 AST" name="loginTest" data-provider="data2" finished-at="2024-09-13T08:57:20 AST" duration-ms="20" status="PASS">
          <params>
            <param index="0">
              <value>
                <![CDATA[Michael]]>
              </value>
            </param>
            <param index="1">
              <value>
                <![CDATA[Google]]>
              </value>
            </param>
            <param index="2">
              <value>
                <![CDATA[Developer]]>
              </value>
            </param>
          </params>
          <reporter-output>
          </reporter-output>
        </test-method> <!-- loginTest -->
        <test-method signature="loginTest(java.lang.String,java.lang.String,java.lang.String)[pri:0, instance:com.neotech.review01.DataDrivenTest@4562e04d]" started-at="2024-09-13T08:57:20 AST" name="loginTest" data-provider="data2" finished-at="2024-09-13T08:57:20 AST" duration-ms="2" status="PASS">
          <params>
            <param index="0">
              <value>
                <![CDATA[Emily]]>
              </value>
            </param>
            <param index="1">
              <value>
                <![CDATA[Microsoft]]>
              </value>
            </param>
            <param index="2">
              <value>
                <![CDATA[Manager]]>
              </value>
            </param>
          </params>
          <reporter-output>
          </reporter-output>
        </test-method> <!-- loginTest -->
        <test-method signature="loginTest(java.lang.String,java.lang.String,java.lang.String)[pri:0, instance:com.neotech.review01.DataDrivenTest@4562e04d]" started-at="2024-09-13T08:57:20 AST" name="loginTest" data-provider="data2" finished-at="2024-09-13T08:57:20 AST" duration-ms="2" status="PASS">
          <params>
            <param index="0">
              <value>
                <![CDATA[James]]>
              </value>
            </param>
            <param index="1">
              <value>
                <![CDATA[Facebook]]>
              </value>
            </param>
            <param index="2">
              <value>
                <![CDATA[Tester]]>
              </value>
            </param>
          </params>
          <reporter-output>
          </reporter-output>
        </test-method> <!-- loginTest -->
        <test-method signature="loginTest(java.lang.String,java.lang.String,java.lang.String)[pri:0, instance:com.neotech.review01.DataDrivenTest@4562e04d]" started-at="2024-09-13T08:57:20 AST" name="loginTest" data-provider="data2" finished-at="2024-09-13T08:57:20 AST" duration-ms="1" status="PASS">
          <params>
            <param index="0">
              <value>
                <![CDATA[Scott]]>
              </value>
            </param>
            <param index="1">
              <value>
                <![CDATA[TikTok]]>
              </value>
            </param>
            <param index="2">
              <value>
                <![CDATA[QA Automation]]>
              </value>
            </param>
          </params>
          <reporter-output>
          </reporter-output>
        </test-method> <!-- loginTest -->
      </class> <!-- com.neotech.review01.DataDrivenTest -->
    </test> <!-- Default test -->
  </suite> <!-- Default suite -->
</testng-results>
